[debug] [2025-09-27T20:42:06.614Z] [Firebase Plugin] Activating Firebase extension.
[info] [Firebase Plugin] Checked firebase-tools, is up to date!
[debug] [2025-09-27T20:42:30.385Z] [Firebase Plugin] requireAuthWrapper
[debug] [2025-09-27T20:42:30.404Z] > command requires scopes: ["email","openid","https://www.googleapis.com/auth/cloudplatformprojects.readonly","https://www.googleapis.com/auth/firebase","https://www.googleapis.com/auth/cloud-platform"]
[debug] [2025-09-27T20:42:30.406Z] > authorizing via signed-in user (belal.riyad@gmail.com)
[debug] [2025-09-27T20:42:30.417Z] Checked if tokens are valid: false, expires at: 1759006242627
[debug] [2025-09-27T20:42:30.418Z] Checked if tokens are valid: false, expires at: 1759006242627
[debug] [2025-09-27T20:42:30.419Z] > refreshing access token with scopes: []
[debug] [2025-09-27T20:42:30.423Z] >>> [apiv2][query] POST https://www.googleapis.com/oauth2/v3/token [none]
[debug] [2025-09-27T20:42:30.424Z] >>> [apiv2][body] POST https://www.googleapis.com/oauth2/v3/token [omitted]
[debug] [2025-09-27T20:42:30.454Z] [Firebase Plugin] VSCode notification server listening on port 40001
[info] [Firebase Plugin] Starting Data Connect toolkit (version 2.13.0) on port 50001
[debug] [2025-09-27T20:42:32.383Z] 'fdc build' failed with error: Unable to build your Data Connect schema and connectors (exit code 1): E0927 23:42:32.367808   25840 cmd.go:43] Error loading data connect config: could not find dataconnect.yaml in `c:\Users\briya\MCPForms\mcpforms\dataconnect`
 {"metadata":{"emulator":{"name":"dataconnect"},"message":"'fdc build' failed with error: Unable to build your Data Connect schema and connectors (exit code 1): E0927 23:42:32.367808   25840 cmd.go:43] Error loading data connect config: could not find dataconnect.yaml in `c:\\Users\\briya\\MCPForms\\mcpforms\\dataconnect`\n"}}
[debug] [2025-09-27T20:42:32.388Z] Ignoring unsupported arg: auto_download {"metadata":{"emulator":{"name":"dataconnect"},"message":"Ignoring unsupported arg: auto_download"}}
[debug] [2025-09-27T20:42:32.389Z] Ignoring unsupported arg: port {"metadata":{"emulator":{"name":"dataconnect"},"message":"Ignoring unsupported arg: port"}}
[debug] [2025-09-27T20:42:32.390Z] Starting Data Connect Emulator with command {"binary":"C:\\Users\\briya\\.cache\\firebase\\emulators\\dataconnect-emulator-2.13.0.exe","args":["--logtostderr","-v=2","dev","--listen=localhost:50001","--config_dir=c:\\Users\\briya\\MCPForms\\mcpforms\\dataconnect","--enable_output_schema_extensions=true","--enable_output_generated_sdk=true"],"optionalArgs":["listen","config_dir","enable_output_schema_extensions","enable_output_generated_sdk"],"joinArgs":true,"shell":false,"port":9399} {"metadata":{"emulator":{"name":"dataconnect"},"message":"Starting Data Connect Emulator with command {\"binary\":\"C:\\\\Users\\\\briya\\\\.cache\\\\firebase\\\\emulators\\\\dataconnect-emulator-2.13.0.exe\",\"args\":[\"--logtostderr\",\"-v=2\",\"dev\",\"--listen=localhost:50001\",\"--config_dir=c:\\\\Users\\\\briya\\\\MCPForms\\\\mcpforms\\\\dataconnect\",\"--enable_output_schema_extensions=true\",\"--enable_output_generated_sdk=true\"],\"optionalArgs\":[\"listen\",\"config_dir\",\"enable_output_schema_extensions\",\"enable_output_generated_sdk\"],\"joinArgs\":true,\"shell\":false,\"port\":9399}"}}
[info] i  dataconnect: Data Connect Emulator logging to dataconnect-debug.log {"metadata":{"emulator":{"name":"dataconnect"},"message":"Data Connect Emulator logging to \u001b[1mdataconnect-debug.log\u001b[22m"}}
[debug] [2025-09-27T20:42:32.513Z] E0927 23:42:32.506656   34140 dev.go:79] Failed to load initial config from "c:\\Users\\briya\\MCPForms\\mcpforms\\dataconnect": could not find dataconnect.yaml in `c:\Users\briya\MCPForms\mcpforms\dataconnect`
E0927 23:42:32.506656   34140 watch.go:102] watchAllDir unable to walk dir `c:\Users\briya\MCPForms\mcpforms\dataconnect`: CreateFile c:\Users\briya\MCPForms\mcpforms\dataconnect: The system cannot find the file specified.
 {"metadata":{"emulator":{"name":"dataconnect"},"message":"E0927 23:42:32.506656   34140 dev.go:79] Failed to load initial config from \"c:\\\\Users\\\\briya\\\\MCPForms\\\\mcpforms\\\\dataconnect\": could not find dataconnect.yaml in `c:\\Users\\briya\\MCPForms\\mcpforms\\dataconnect`\nE0927 23:42:32.506656   34140 watch.go:102] watchAllDir unable to walk dir `c:\\Users\\briya\\MCPForms\\mcpforms\\dataconnect`: CreateFile c:\\Users\\briya\\MCPForms\\mcpforms\\dataconnect: The system cannot find the file specified.\n"}}
[debug] [2025-09-27T20:42:32.569Z] I0927 23:42:32.566870   34140 dev.go:102] Listening on address (HTTP + gRPC): 127.0.0.1:50001
 {"metadata":{"emulator":{"name":"dataconnect"},"message":"I0927 23:42:32.566870   34140 dev.go:102] Listening on address (HTTP + gRPC): 127.0.0.1:50001\n"}}
[error] [Firebase Plugin] error:  {}
[debug] [2025-09-27T20:42:33.073Z] <<< [apiv2][status] POST https://www.googleapis.com/oauth2/v3/token 200
[debug] [2025-09-27T20:42:33.075Z] <<< [apiv2][body] POST https://www.googleapis.com/oauth2/v3/token [omitted]
[debug] [2025-09-27T20:42:33.187Z] [Firebase Plugin] User found:  belal.riyad@gmail.com
[info] [Firebase Plugin] (Core:Project) New user detected, fetching projects
[debug] [2025-09-27T20:42:33.217Z] Checked if tokens are valid: true, expires at: 1759009352075
[debug] [2025-09-27T20:42:33.220Z] >>> [apiv2][query] GET https://firebase.googleapis.com/v1beta1/projects pageSize=1000
[debug] [2025-09-27T20:42:34.156Z] <<< [apiv2][status] GET https://firebase.googleapis.com/v1beta1/projects 200
[debug] [2025-09-27T20:42:34.157Z] <<< [apiv2][body] GET https://firebase.googleapis.com/v1beta1/projects [omitted]
[debug] [2025-09-27T20:42:42.513Z] E0927 23:42:42.512557   34140 watch.go:31] Failed to load config from "c:\\Users\\briya\\MCPForms\\mcpforms\\dataconnect": could not find dataconnect.yaml in `c:\Users\briya\MCPForms\mcpforms\dataconnect`
 {"metadata":{"emulator":{"name":"dataconnect"},"message":"E0927 23:42:42.512557   34140 watch.go:31] Failed to load config from \"c:\\\\Users\\\\briya\\\\MCPForms\\\\mcpforms\\\\dataconnect\": could not find dataconnect.yaml in `c:\\Users\\briya\\MCPForms\\mcpforms\\dataconnect`\n"}}
[debug] [2025-09-27T20:42:52.510Z] E0927 23:42:52.510215   34140 watch.go:31] Failed to load config from "c:\\Users\\briya\\MCPForms\\mcpforms\\dataconnect": could not find dataconnect.yaml in `c:\Users\briya\MCPForms\mcpforms\dataconnect`
 {"metadata":{"emulator":{"name":"dataconnect"},"message":"E0927 23:42:52.510215   34140 watch.go:31] Failed to load config from \"c:\\\\Users\\\\briya\\\\MCPForms\\\\mcpforms\\\\dataconnect\": could not find dataconnect.yaml in `c:\\Users\\briya\\MCPForms\\mcpforms\\dataconnect`\n"}}
[debug] [2025-09-27T20:43:02.510Z] E0927 23:43:02.509895   34140 watch.go:31] Failed to load config from "c:\\Users\\briya\\MCPForms\\mcpforms\\dataconnect": could not find dataconnect.yaml in `c:\Users\briya\MCPForms\mcpforms\dataconnect`
 {"metadata":{"emulator":{"name":"dataconnect"},"message":"E0927 23:43:02.509895   34140 watch.go:31] Failed to load config from \"c:\\\\Users\\\\briya\\\\MCPForms\\\\mcpforms\\\\dataconnect\": could not find dataconnect.yaml in `c:\\Users\\briya\\MCPForms\\mcpforms\\dataconnect`\n"}}
[debug] [2025-09-27T20:43:12.510Z] E0927 23:43:12.510004   34140 watch.go:31] Failed to load config from "c:\\Users\\briya\\MCPForms\\mcpforms\\dataconnect": could not find dataconnect.yaml in `c:\Users\briya\MCPForms\mcpforms\dataconnect`
 {"metadata":{"emulator":{"name":"dataconnect"},"message":"E0927 23:43:12.510004   34140 watch.go:31] Failed to load config from \"c:\\\\Users\\\\briya\\\\MCPForms\\\\mcpforms\\\\dataconnect\": could not find dataconnect.yaml in `c:\\Users\\briya\\MCPForms\\mcpforms\\dataconnect`\n"}}
[debug] [2025-09-27T20:43:22.511Z] E0927 23:43:22.510580   34140 watch.go:31] Failed to load config from "c:\\Users\\briya\\MCPForms\\mcpforms\\dataconnect": could not find dataconnect.yaml in `c:\Users\briya\MCPForms\mcpforms\dataconnect`
 {"metadata":{"emulator":{"name":"dataconnect"},"message":"E0927 23:43:22.510580   34140 watch.go:31] Failed to load config from \"c:\\\\Users\\\\briya\\\\MCPForms\\\\mcpforms\\\\dataconnect\": could not find dataconnect.yaml in `c:\\Users\\briya\\MCPForms\\mcpforms\\dataconnect`\n"}}
[debug] [2025-09-27T20:43:32.511Z] E0927 23:43:32.510665   34140 watch.go:31] Failed to load config from "c:\\Users\\briya\\MCPForms\\mcpforms\\dataconnect": could not find dataconnect.yaml in `c:\Users\briya\MCPForms\mcpforms\dataconnect`
 {"metadata":{"emulator":{"name":"dataconnect"},"message":"E0927 23:43:32.510665   34140 watch.go:31] Failed to load config from \"c:\\\\Users\\\\briya\\\\MCPForms\\\\mcpforms\\\\dataconnect\": could not find dataconnect.yaml in `c:\\Users\\briya\\MCPForms\\mcpforms\\dataconnect`\n"}}
[debug] [2025-09-27T20:43:42.510Z] E0927 23:43:42.510702   34140 watch.go:31] Failed to load config from "c:\\Users\\briya\\MCPForms\\mcpforms\\dataconnect": could not find dataconnect.yaml in `c:\Users\briya\MCPForms\mcpforms\dataconnect`
 {"metadata":{"emulator":{"name":"dataconnect"},"message":"E0927 23:43:42.510702   34140 watch.go:31] Failed to load config from \"c:\\\\Users\\\\briya\\\\MCPForms\\\\mcpforms\\\\dataconnect\": could not find dataconnect.yaml in `c:\\Users\\briya\\MCPForms\\mcpforms\\dataconnect`\n"}}
[debug] [2025-09-27T20:43:52.510Z] E0927 23:43:52.510482   34140 watch.go:31] Failed to load config from "c:\\Users\\briya\\MCPForms\\mcpforms\\dataconnect": could not find dataconnect.yaml in `c:\Users\briya\MCPForms\mcpforms\dataconnect`
 {"metadata":{"emulator":{"name":"dataconnect"},"message":"E0927 23:43:52.510482   34140 watch.go:31] Failed to load config from \"c:\\\\Users\\\\briya\\\\MCPForms\\\\mcpforms\\\\dataconnect\": could not find dataconnect.yaml in `c:\\Users\\briya\\MCPForms\\mcpforms\\dataconnect`\n"}}
[debug] [2025-09-27T20:44:02.510Z] E0927 23:44:02.509600   34140 watch.go:31] Failed to load config from "c:\\Users\\briya\\MCPForms\\mcpforms\\dataconnect": could not find dataconnect.yaml in `c:\Users\briya\MCPForms\mcpforms\dataconnect`
 {"metadata":{"emulator":{"name":"dataconnect"},"message":"E0927 23:44:02.509600   34140 watch.go:31] Failed to load config from \"c:\\\\Users\\\\briya\\\\MCPForms\\\\mcpforms\\\\dataconnect\": could not find dataconnect.yaml in `c:\\Users\\briya\\MCPForms\\mcpforms\\dataconnect`\n"}}
[debug] [2025-09-27T20:44:12.513Z] E0927 23:44:12.512563   34140 watch.go:31] Failed to load config from "c:\\Users\\briya\\MCPForms\\mcpforms\\dataconnect": could not find dataconnect.yaml in `c:\Users\briya\MCPForms\mcpforms\dataconnect`
 {"metadata":{"emulator":{"name":"dataconnect"},"message":"E0927 23:44:12.512563   34140 watch.go:31] Failed to load config from \"c:\\\\Users\\\\briya\\\\MCPForms\\\\mcpforms\\\\dataconnect\": could not find dataconnect.yaml in `c:\\Users\\briya\\MCPForms\\mcpforms\\dataconnect`\n"}}
